2025-07-18 14:34:17 - INFO [com.data.session09.Session09Application] - Starting Session09Application using Java 17.0.15 with PID 14164 (E:\PTIT\HK3\JAVA_WEB_SERVICES\Session09\build\classes\java\main started by ADMIN in E:\PTIT\HK3\JAVA_WEB_SERVICES\Session09)
2025-07-18 14:34:17 - INFO [com.data.session09.Session09Application] - No active profile set, falling back to 1 default profile: "default"
2025-07-18 14:34:17 - INFO [org.springframework.boot.web.embedded.tomcat.TomcatWebServer] - Tomcat initialized with port 8080 (http)
2025-07-18 14:34:17 - INFO [org.apache.catalina.core.StandardService] - Starting service [Tomcat]
2025-07-18 14:34:17 - INFO [org.apache.catalina.core.StandardEngine] - Starting Servlet engine: [Apache Tomcat/10.1.42]
2025-07-18 14:34:17 - INFO [org.apache.catalina.core.ContainerBase.[Tomcat].[localhost].[/]] - Initializing Spring embedded WebApplicationContext
2025-07-18 14:34:17 - INFO [org.springframework.boot.web.servlet.context.ServletWebServerApplicationContext] - Root WebApplicationContext: initialization completed in 175 ms
2025-07-18 14:34:17 - INFO [org.springframework.boot.devtools.autoconfigure.OptionalLiveReloadServer] - LiveReload server is running on port 35729
2025-07-18 14:34:17 - INFO [org.springframework.boot.web.embedded.tomcat.TomcatWebServer] - Tomcat started on port 8080 (http) with context path '/'
2025-07-18 14:34:17 - INFO [com.data.session09.Session09Application] - Started Session09Application in 0.269 seconds (process running for 249.097)
2025-07-18 14:34:17 - INFO [com.data.session09.model.LoggingExample] - This is an INFO level message
2025-07-18 14:34:17 - WARN [com.data.session09.model.LoggingExample] - This is a WARN level message
2025-07-18 14:34:17 - ERROR [com.data.session09.model.LoggingExample] - This is an ERROR level message
2025-07-18 14:34:17 - INFO [org.springframework.boot.devtools.autoconfigure.ConditionEvaluationDeltaLoggingListener] - Condition evaluation unchanged
2025-07-18 14:35:19 - INFO [org.springframework.boot.devtools.autoconfigure.LocalDevToolsAutoConfiguration$RestartingClassPathChangeChangedEventListener] - Restarting due to 1 class path change (1 addition, 0 deletions, 0 modifications)
2025-07-18 14:35:19 - INFO [org.springframework.boot.web.embedded.tomcat.GracefulShutdown] - Commencing graceful shutdown. Waiting for active requests to complete
2025-07-18 14:35:19 - INFO [org.springframework.boot.web.embedded.tomcat.GracefulShutdown] - Graceful shutdown complete
2025-07-18 14:35:19 - INFO [com.data.session09.Session09Application] - Starting Session09Application using Java 17.0.15 with PID 14164 (E:\PTIT\HK3\JAVA_WEB_SERVICES\Session09\build\classes\java\main started by ADMIN in E:\PTIT\HK3\JAVA_WEB_SERVICES\Session09)
2025-07-18 14:35:19 - INFO [com.data.session09.Session09Application] - No active profile set, falling back to 1 default profile: "default"
2025-07-18 14:35:19 - INFO [org.springframework.boot.web.embedded.tomcat.TomcatWebServer] - Tomcat initialized with port 8080 (http)
2025-07-18 14:35:19 - INFO [org.apache.catalina.core.StandardService] - Starting service [Tomcat]
2025-07-18 14:35:19 - INFO [org.apache.catalina.core.StandardEngine] - Starting Servlet engine: [Apache Tomcat/10.1.42]
2025-07-18 14:35:19 - INFO [org.apache.catalina.core.ContainerBase.[Tomcat].[localhost].[/]] - Initializing Spring embedded WebApplicationContext
2025-07-18 14:35:19 - INFO [org.springframework.boot.web.servlet.context.ServletWebServerApplicationContext] - Root WebApplicationContext: initialization completed in 166 ms
2025-07-18 14:35:19 - INFO [org.springframework.boot.devtools.autoconfigure.OptionalLiveReloadServer] - LiveReload server is running on port 35729
2025-07-18 14:35:19 - INFO [org.springframework.boot.web.embedded.tomcat.TomcatWebServer] - Tomcat started on port 8080 (http) with context path '/'
2025-07-18 14:35:19 - INFO [com.data.session09.Session09Application] - Started Session09Application in 0.252 seconds (process running for 310.554)
2025-07-18 14:35:19 - INFO [com.data.session09.model.LoggingExample] - This is an INFO level message
2025-07-18 14:35:19 - WARN [com.data.session09.model.LoggingExample] - This is a WARN level message
2025-07-18 14:35:19 - ERROR [com.data.session09.model.LoggingExample] - This is an ERROR level message
2025-07-18 14:35:19 - INFO [org.springframework.boot.devtools.autoconfigure.ConditionEvaluationDeltaLoggingListener] - Condition evaluation unchanged
2025-07-18 14:35:30 - INFO [org.springframework.boot.web.embedded.tomcat.GracefulShutdown] - Commencing graceful shutdown. Waiting for active requests to complete
2025-07-18 14:35:30 - INFO [org.springframework.boot.web.embedded.tomcat.GracefulShutdown] - Graceful shutdown complete
2025-07-18 14:35:34 - INFO [com.data.session09.Session09Application] - Starting Session09Application using Java 17.0.15 with PID 4980 (E:\PTIT\HK3\JAVA_WEB_SERVICES\Session09\build\classes\java\main started by ADMIN in E:\PTIT\HK3\JAVA_WEB_SERVICES\Session09)
2025-07-18 14:35:34 - INFO [com.data.session09.Session09Application] - No active profile set, falling back to 1 default profile: "default"
2025-07-18 14:35:34 - INFO [org.springframework.boot.devtools.env.DevToolsPropertyDefaultsPostProcessor] - Devtools property defaults active! Set 'spring.devtools.add-properties' to 'false' to disable
2025-07-18 14:35:34 - INFO [org.springframework.boot.devtools.env.DevToolsPropertyDefaultsPostProcessor] - For additional web related logging consider setting the 'logging.level.web' property to 'DEBUG'
2025-07-18 14:35:35 - INFO [org.springframework.boot.web.embedded.tomcat.TomcatWebServer] - Tomcat initialized with port 8080 (http)
2025-07-18 14:35:35 - INFO [org.apache.catalina.core.StandardService] - Starting service [Tomcat]
2025-07-18 14:35:35 - INFO [org.apache.catalina.core.StandardEngine] - Starting Servlet engine: [Apache Tomcat/10.1.42]
2025-07-18 14:35:35 - INFO [org.apache.catalina.core.ContainerBase.[Tomcat].[localhost].[/]] - Initializing Spring embedded WebApplicationContext
2025-07-18 14:35:35 - INFO [org.springframework.boot.web.servlet.context.ServletWebServerApplicationContext] - Root WebApplicationContext: initialization completed in 1074 ms
2025-07-18 14:35:36 - INFO [org.springframework.boot.devtools.autoconfigure.OptionalLiveReloadServer] - LiveReload server is running on port 35729
2025-07-18 14:35:36 - INFO [org.springframework.boot.web.embedded.tomcat.TomcatWebServer] - Tomcat started on port 8080 (http) with context path '/'
2025-07-18 14:35:36 - INFO [com.data.session09.Session09Application] - Started Session09Application in 2.058 seconds (process running for 2.844)
2025-07-18 14:35:36 - INFO [com.data.session09.model.LoggingExample] - This is an INFO level message
2025-07-18 14:35:36 - WARN [com.data.session09.model.LoggingExample] - This is a WARN level message
2025-07-18 14:35:36 - ERROR [com.data.session09.model.LoggingExample] - This is an ERROR level message
2025-07-18 14:36:08 - INFO [org.apache.catalina.core.ContainerBase.[Tomcat].[localhost].[/]] - Initializing Spring DispatcherServlet 'dispatcherServlet'
2025-07-18 14:36:08 - INFO [org.springframework.web.servlet.DispatcherServlet] - Initializing Servlet 'dispatcherServlet'
2025-07-18 14:36:08 - INFO [org.springframework.web.servlet.DispatcherServlet] - Completed initialization in 1 ms
2025-07-18 14:36:49 - WARN [com.data.session09.controller.DemoLogController] - Đã ghi log warning
2025-07-18 14:41:19 - INFO [org.springframework.boot.devtools.autoconfigure.LocalDevToolsAutoConfiguration$RestartingClassPathChangeChangedEventListener] - Restarting due to 1 class path change (1 addition, 0 deletions, 0 modifications)
2025-07-18 14:41:19 - INFO [org.springframework.boot.web.embedded.tomcat.GracefulShutdown] - Commencing graceful shutdown. Waiting for active requests to complete
2025-07-18 14:41:19 - INFO [org.springframework.boot.web.embedded.tomcat.GracefulShutdown] - Graceful shutdown complete
2025-07-18 14:41:19 - INFO [com.data.session09.Session09Application] - Starting Session09Application using Java 17.0.15 with PID 4980 (E:\PTIT\HK3\JAVA_WEB_SERVICES\Session09\build\classes\java\main started by ADMIN in E:\PTIT\HK3\JAVA_WEB_SERVICES\Session09)
2025-07-18 14:41:19 - INFO [com.data.session09.Session09Application] - No active profile set, falling back to 1 default profile: "default"
2025-07-18 14:41:20 - INFO [org.springframework.boot.web.embedded.tomcat.TomcatWebServer] - Tomcat initialized with port 8080 (http)
2025-07-18 14:41:20 - INFO [org.apache.catalina.core.StandardService] - Starting service [Tomcat]
2025-07-18 14:41:20 - INFO [org.apache.catalina.core.StandardEngine] - Starting Servlet engine: [Apache Tomcat/10.1.42]
2025-07-18 14:41:20 - INFO [org.apache.catalina.core.ContainerBase.[Tomcat].[localhost].[/]] - Initializing Spring embedded WebApplicationContext
2025-07-18 14:41:20 - INFO [org.springframework.boot.web.servlet.context.ServletWebServerApplicationContext] - Root WebApplicationContext: initialization completed in 561 ms
2025-07-18 14:41:20 - INFO [org.springframework.boot.devtools.autoconfigure.OptionalLiveReloadServer] - LiveReload server is running on port 35729
2025-07-18 14:41:20 - INFO [org.springframework.boot.web.embedded.tomcat.TomcatWebServer] - Tomcat started on port 8080 (http) with context path '/'
2025-07-18 14:41:20 - INFO [com.data.session09.Session09Application] - Started Session09Application in 0.709 seconds (process running for 347.139)
2025-07-18 14:41:20 - INFO [com.data.session09.model.LoggingExample] - This is an INFO level message
2025-07-18 14:41:20 - WARN [com.data.session09.model.LoggingExample] - This is a WARN level message
2025-07-18 14:41:20 - ERROR [com.data.session09.model.LoggingExample] - This is an ERROR level message
2025-07-18 14:41:20 - INFO [org.springframework.boot.devtools.autoconfigure.ConditionEvaluationDeltaLoggingListener] - Condition evaluation unchanged
2025-07-18 14:41:34 - INFO [org.springframework.boot.devtools.autoconfigure.LocalDevToolsAutoConfiguration$RestartingClassPathChangeChangedEventListener] - Restarting due to 1 class path change (0 additions, 1 deletion, 0 modifications)
2025-07-18 14:41:34 - INFO [org.springframework.boot.web.embedded.tomcat.GracefulShutdown] - Commencing graceful shutdown. Waiting for active requests to complete
2025-07-18 14:41:34 - INFO [org.springframework.boot.web.embedded.tomcat.GracefulShutdown] - Graceful shutdown complete
2025-07-18 14:41:34 - INFO [com.data.session09.Session09Application] - Starting Session09Application using Java 17.0.15 with PID 4980 (E:\PTIT\HK3\JAVA_WEB_SERVICES\Session09\build\classes\java\main started by ADMIN in E:\PTIT\HK3\JAVA_WEB_SERVICES\Session09)
2025-07-18 14:41:34 - INFO [com.data.session09.Session09Application] - No active profile set, falling back to 1 default profile: "default"
2025-07-18 14:41:34 - INFO [org.springframework.boot.web.embedded.tomcat.TomcatWebServer] - Tomcat initialized with port 8080 (http)
2025-07-18 14:41:34 - INFO [org.apache.catalina.core.StandardService] - Starting service [Tomcat]
2025-07-18 14:41:34 - INFO [org.apache.catalina.core.StandardEngine] - Starting Servlet engine: [Apache Tomcat/10.1.42]
2025-07-18 14:41:34 - INFO [org.apache.catalina.core.ContainerBase.[Tomcat].[localhost].[/]] - Initializing Spring embedded WebApplicationContext
2025-07-18 14:41:34 - INFO [org.springframework.boot.web.servlet.context.ServletWebServerApplicationContext] - Root WebApplicationContext: initialization completed in 230 ms
2025-07-18 14:41:34 - INFO [org.springframework.boot.devtools.autoconfigure.OptionalLiveReloadServer] - LiveReload server is running on port 35729
2025-07-18 14:41:34 - INFO [org.springframework.boot.web.embedded.tomcat.TomcatWebServer] - Tomcat started on port 8080 (http) with context path '/'
2025-07-18 14:41:34 - INFO [com.data.session09.Session09Application] - Started Session09Application in 0.395 seconds (process running for 361.273)
2025-07-18 14:41:34 - INFO [com.data.session09.model.LoggingExample] - This is an INFO level message
2025-07-18 14:41:34 - WARN [com.data.session09.model.LoggingExample] - This is a WARN level message
2025-07-18 14:41:34 - ERROR [com.data.session09.model.LoggingExample] - This is an ERROR level message
2025-07-18 14:41:34 - INFO [org.springframework.boot.devtools.autoconfigure.ConditionEvaluationDeltaLoggingListener] - Condition evaluation unchanged
2025-07-18 14:41:36 - INFO [org.springframework.boot.devtools.autoconfigure.LocalDevToolsAutoConfiguration$RestartingClassPathChangeChangedEventListener] - Restarting due to 1 class path change (1 addition, 0 deletions, 0 modifications)
2025-07-18 14:41:36 - INFO [org.springframework.boot.web.embedded.tomcat.GracefulShutdown] - Commencing graceful shutdown. Waiting for active requests to complete
2025-07-18 14:41:36 - INFO [org.springframework.boot.web.embedded.tomcat.GracefulShutdown] - Graceful shutdown complete
2025-07-18 14:41:36 - INFO [com.data.session09.Session09Application] - Starting Session09Application using Java 17.0.15 with PID 4980 (E:\PTIT\HK3\JAVA_WEB_SERVICES\Session09\build\classes\java\main started by ADMIN in E:\PTIT\HK3\JAVA_WEB_SERVICES\Session09)
2025-07-18 14:41:36 - INFO [com.data.session09.Session09Application] - No active profile set, falling back to 1 default profile: "default"
2025-07-18 14:41:36 - INFO [org.springframework.boot.web.embedded.tomcat.TomcatWebServer] - Tomcat initialized with port 8080 (http)
2025-07-18 14:41:36 - INFO [org.apache.catalina.core.StandardService] - Starting service [Tomcat]
2025-07-18 14:41:36 - INFO [org.apache.catalina.core.StandardEngine] - Starting Servlet engine: [Apache Tomcat/10.1.42]
2025-07-18 14:41:36 - INFO [org.apache.catalina.core.ContainerBase.[Tomcat].[localhost].[/]] - Initializing Spring embedded WebApplicationContext
2025-07-18 14:41:36 - INFO [org.springframework.boot.web.servlet.context.ServletWebServerApplicationContext] - Root WebApplicationContext: initialization completed in 387 ms
2025-07-18 14:41:36 - INFO [org.springframework.boot.devtools.autoconfigure.OptionalLiveReloadServer] - LiveReload server is running on port 35729
2025-07-18 14:41:36 - INFO [org.springframework.boot.web.embedded.tomcat.TomcatWebServer] - Tomcat started on port 8080 (http) with context path '/'
2025-07-18 14:41:36 - INFO [com.data.session09.Session09Application] - Started Session09Application in 0.528 seconds (process running for 363.367)
2025-07-18 14:41:36 - INFO [com.data.session09.model.LoggingExample] - This is an INFO level message
2025-07-18 14:41:36 - WARN [com.data.session09.model.LoggingExample] - This is a WARN level message
2025-07-18 14:41:36 - ERROR [com.data.session09.model.LoggingExample] - This is an ERROR level message
2025-07-18 14:41:36 - INFO [org.springframework.boot.devtools.autoconfigure.ConditionEvaluationDeltaLoggingListener] - Condition evaluation unchanged
2025-07-18 14:42:06 - INFO [org.springframework.boot.devtools.autoconfigure.LocalDevToolsAutoConfiguration$RestartingClassPathChangeChangedEventListener] - Restarting due to 1 class path change (1 addition, 0 deletions, 0 modifications)
2025-07-18 14:42:06 - INFO [org.springframework.boot.web.embedded.tomcat.GracefulShutdown] - Commencing graceful shutdown. Waiting for active requests to complete
2025-07-18 14:42:06 - INFO [org.springframework.boot.web.embedded.tomcat.GracefulShutdown] - Graceful shutdown complete
2025-07-18 14:42:06 - INFO [com.data.session09.Session09Application] - Starting Session09Application using Java 17.0.15 with PID 4980 (E:\PTIT\HK3\JAVA_WEB_SERVICES\Session09\build\classes\java\main started by ADMIN in E:\PTIT\HK3\JAVA_WEB_SERVICES\Session09)
2025-07-18 14:42:06 - INFO [com.data.session09.Session09Application] - No active profile set, falling back to 1 default profile: "default"
2025-07-18 14:42:06 - INFO [org.springframework.boot.web.embedded.tomcat.TomcatWebServer] - Tomcat initialized with port 8080 (http)
2025-07-18 14:42:06 - INFO [org.apache.catalina.core.StandardService] - Starting service [Tomcat]
2025-07-18 14:42:06 - INFO [org.apache.catalina.core.StandardEngine] - Starting Servlet engine: [Apache Tomcat/10.1.42]
2025-07-18 14:42:06 - INFO [org.apache.catalina.core.ContainerBase.[Tomcat].[localhost].[/]] - Initializing Spring embedded WebApplicationContext
2025-07-18 14:42:06 - INFO [org.springframework.boot.web.servlet.context.ServletWebServerApplicationContext] - Root WebApplicationContext: initialization completed in 154 ms
2025-07-18 14:42:06 - INFO [org.springframework.boot.devtools.autoconfigure.OptionalLiveReloadServer] - LiveReload server is running on port 35729
2025-07-18 14:42:06 - INFO [org.springframework.boot.web.embedded.tomcat.TomcatWebServer] - Tomcat started on port 8080 (http) with context path '/'
2025-07-18 14:42:06 - INFO [com.data.session09.Session09Application] - Started Session09Application in 0.234 seconds (process running for 393.496)
2025-07-18 14:42:06 - INFO [com.data.session09.model.LoggingExample] - This is an INFO level message
2025-07-18 14:42:06 - WARN [com.data.session09.model.LoggingExample] - This is a WARN level message
2025-07-18 14:42:06 - ERROR [com.data.session09.model.LoggingExample] - This is an ERROR level message
2025-07-18 14:42:06 - INFO [org.springframework.boot.devtools.autoconfigure.ConditionEvaluationDeltaLoggingListener] - Condition evaluation unchanged
2025-07-18 14:42:21 - INFO [org.springframework.boot.devtools.autoconfigure.LocalDevToolsAutoConfiguration$RestartingClassPathChangeChangedEventListener] - Restarting due to 1 class path change (0 additions, 0 deletions, 1 modification)
2025-07-18 14:42:22 - INFO [org.springframework.boot.web.embedded.tomcat.GracefulShutdown] - Commencing graceful shutdown. Waiting for active requests to complete
2025-07-18 14:42:22 - INFO [org.springframework.boot.web.embedded.tomcat.GracefulShutdown] - Graceful shutdown complete
2025-07-18 14:42:22 - INFO [com.data.session09.Session09Application] - Starting Session09Application using Java 17.0.15 with PID 4980 (E:\PTIT\HK3\JAVA_WEB_SERVICES\Session09\build\classes\java\main started by ADMIN in E:\PTIT\HK3\JAVA_WEB_SERVICES\Session09)
2025-07-18 14:42:22 - INFO [com.data.session09.Session09Application] - No active profile set, falling back to 1 default profile: "default"
2025-07-18 14:42:22 - INFO [org.springframework.boot.web.embedded.tomcat.TomcatWebServer] - Tomcat initialized with port 8080 (http)
2025-07-18 14:42:22 - INFO [org.apache.catalina.core.StandardService] - Starting service [Tomcat]
2025-07-18 14:42:22 - INFO [org.apache.catalina.core.StandardEngine] - Starting Servlet engine: [Apache Tomcat/10.1.42]
2025-07-18 14:42:22 - INFO [org.apache.catalina.core.ContainerBase.[Tomcat].[localhost].[/]] - Initializing Spring embedded WebApplicationContext
2025-07-18 14:42:22 - INFO [org.springframework.boot.web.servlet.context.ServletWebServerApplicationContext] - Root WebApplicationContext: initialization completed in 193 ms
2025-07-18 14:42:22 - INFO [org.springframework.boot.devtools.autoconfigure.OptionalLiveReloadServer] - LiveReload server is running on port 35729
2025-07-18 14:42:22 - INFO [org.springframework.boot.web.embedded.tomcat.TomcatWebServer] - Tomcat started on port 8080 (http) with context path '/'
2025-07-18 14:42:22 - INFO [com.data.session09.Session09Application] - Started Session09Application in 0.278 seconds (process running for 408.9)
2025-07-18 14:42:22 - INFO [com.data.session09.model.LoggingExample] - This is an INFO level message
2025-07-18 14:42:22 - WARN [com.data.session09.model.LoggingExample] - This is a WARN level message
2025-07-18 14:42:22 - ERROR [com.data.session09.model.LoggingExample] - This is an ERROR level message
2025-07-18 14:42:22 - INFO [org.springframework.boot.devtools.autoconfigure.ConditionEvaluationDeltaLoggingListener] - Condition evaluation unchanged
2025-07-18 14:42:28 - INFO [org.springframework.boot.web.embedded.tomcat.GracefulShutdown] - Commencing graceful shutdown. Waiting for active requests to complete
2025-07-18 14:42:28 - INFO [org.springframework.boot.web.embedded.tomcat.GracefulShutdown] - Graceful shutdown complete
2025-07-18 14:42:31 - INFO [com.data.session09.Session09Application] - Starting Session09Application using Java 17.0.15 with PID 11884 (E:\PTIT\HK3\JAVA_WEB_SERVICES\Session09\build\classes\java\main started by ADMIN in E:\PTIT\HK3\JAVA_WEB_SERVICES\Session09)
2025-07-18 14:42:31 - INFO [com.data.session09.Session09Application] - No active profile set, falling back to 1 default profile: "default"
2025-07-18 14:42:31 - INFO [org.springframework.boot.devtools.env.DevToolsPropertyDefaultsPostProcessor] - Devtools property defaults active! Set 'spring.devtools.add-properties' to 'false' to disable
2025-07-18 14:42:31 - INFO [org.springframework.boot.devtools.env.DevToolsPropertyDefaultsPostProcessor] - For additional web related logging consider setting the 'logging.level.web' property to 'DEBUG'
2025-07-18 14:42:32 - INFO [org.springframework.boot.web.embedded.tomcat.TomcatWebServer] - Tomcat initialized with port 8080 (http)
2025-07-18 14:42:32 - INFO [org.apache.catalina.core.StandardService] - Starting service [Tomcat]
2025-07-18 14:42:32 - INFO [org.apache.catalina.core.StandardEngine] - Starting Servlet engine: [Apache Tomcat/10.1.42]
2025-07-18 14:42:32 - INFO [org.apache.catalina.core.ContainerBase.[Tomcat].[localhost].[/]] - Initializing Spring embedded WebApplicationContext
2025-07-18 14:42:32 - INFO [org.springframework.boot.web.servlet.context.ServletWebServerApplicationContext] - Root WebApplicationContext: initialization completed in 1016 ms
2025-07-18 14:42:32 - INFO [org.springframework.boot.devtools.autoconfigure.OptionalLiveReloadServer] - LiveReload server is running on port 35729
2025-07-18 14:42:32 - INFO [org.springframework.boot.web.embedded.tomcat.TomcatWebServer] - Tomcat started on port 8080 (http) with context path '/'
2025-07-18 14:42:32 - INFO [com.data.session09.Session09Application] - Started Session09Application in 1.945 seconds (process running for 2.74)
2025-07-18 14:42:32 - INFO [com.data.session09.model.LoggingExample] - This is an INFO level message
2025-07-18 14:42:32 - WARN [com.data.session09.model.LoggingExample] - This is a WARN level message
2025-07-18 14:42:32 - ERROR [com.data.session09.model.LoggingExample] - This is an ERROR level message
2025-07-18 14:43:00 - INFO [org.apache.catalina.core.ContainerBase.[Tomcat].[localhost].[/]] - Initializing Spring DispatcherServlet 'dispatcherServlet'
2025-07-18 14:43:00 - INFO [org.springframework.web.servlet.DispatcherServlet] - Initializing Servlet 'dispatcherServlet'
2025-07-18 14:43:00 - INFO [org.springframework.web.servlet.DispatcherServlet] - Completed initialization in 1 ms
2025-07-18 14:43:00 - ERROR [com.data.session09.controller.GlobalExceptionHandler] - Đã xảy ra lỗi: Method parameter 'a': Failed to convert value of type 'java.lang.String' to required type 'int'; For input string: ""
org.springframework.web.method.annotation.MethodArgumentTypeMismatchException: Method parameter 'a': Failed to convert value of type 'java.lang.String' to required type 'int'; For input string: ""
	at org.springframework.web.method.annotation.AbstractNamedValueMethodArgumentResolver.convertIfNecessary(AbstractNamedValueMethodArgumentResolver.java:301)
	at org.springframework.web.method.annotation.AbstractNamedValueMethodArgumentResolver.resolveArgument(AbstractNamedValueMethodArgumentResolver.java:136)
	at org.springframework.web.method.support.HandlerMethodArgumentResolverComposite.resolveArgument(HandlerMethodArgumentResolverComposite.java:122)
	at org.springframework.web.method.support.InvocableHandlerMethod.getMethodArgumentValues(InvocableHandlerMethod.java:227)
	at org.springframework.web.method.support.InvocableHandlerMethod.invokeForRequest(InvocableHandlerMethod.java:181)
	at org.springframework.web.servlet.mvc.method.annotation.ServletInvocableHandlerMethod.invokeAndHandle(ServletInvocableHandlerMethod.java:118)
	at org.springframework.web.servlet.mvc.method.annotation.RequestMappingHandlerAdapter.invokeHandlerMethod(RequestMappingHandlerAdapter.java:986)
	at org.springframework.web.servlet.mvc.method.annotation.RequestMappingHandlerAdapter.handleInternal(RequestMappingHandlerAdapter.java:891)
	at org.springframework.web.servlet.mvc.method.AbstractHandlerMethodAdapter.handle(AbstractHandlerMethodAdapter.java:87)
	at org.springframework.web.servlet.DispatcherServlet.doDispatch(DispatcherServlet.java:1089)
	at org.springframework.web.servlet.DispatcherServlet.doService(DispatcherServlet.java:979)
	at org.springframework.web.servlet.FrameworkServlet.processRequest(FrameworkServlet.java:1014)
	at org.springframework.web.servlet.FrameworkServlet.doGet(FrameworkServlet.java:903)
	at jakarta.servlet.http.HttpServlet.service(HttpServlet.java:564)
	at org.springframework.web.servlet.FrameworkServlet.service(FrameworkServlet.java:885)
	at jakarta.servlet.http.HttpServlet.service(HttpServlet.java:658)
	at org.apache.catalina.core.ApplicationFilterChain.internalDoFilter(ApplicationFilterChain.java:195)
	at org.apache.catalina.core.ApplicationFilterChain.doFilter(ApplicationFilterChain.java:140)
	at org.apache.tomcat.websocket.server.WsFilter.doFilter(WsFilter.java:51)
	at org.apache.catalina.core.ApplicationFilterChain.internalDoFilter(ApplicationFilterChain.java:164)
	at org.apache.catalina.core.ApplicationFilterChain.doFilter(ApplicationFilterChain.java:140)
	at org.springframework.web.filter.RequestContextFilter.doFilterInternal(RequestContextFilter.java:100)
	at org.springframework.web.filter.OncePerRequestFilter.doFilter(OncePerRequestFilter.java:116)
	at org.apache.catalina.core.ApplicationFilterChain.internalDoFilter(ApplicationFilterChain.java:164)
	at org.apache.catalina.core.ApplicationFilterChain.doFilter(ApplicationFilterChain.java:140)
	at org.springframework.web.filter.FormContentFilter.doFilterInternal(FormContentFilter.java:93)
	at org.springframework.web.filter.OncePerRequestFilter.doFilter(OncePerRequestFilter.java:116)
	at org.apache.catalina.core.ApplicationFilterChain.internalDoFilter(ApplicationFilterChain.java:164)
	at org.apache.catalina.core.ApplicationFilterChain.doFilter(ApplicationFilterChain.java:140)
	at org.springframework.web.filter.CharacterEncodingFilter.doFilterInternal(CharacterEncodingFilter.java:201)
	at org.springframework.web.filter.OncePerRequestFilter.doFilter(OncePerRequestFilter.java:116)
	at org.apache.catalina.core.ApplicationFilterChain.internalDoFilter(ApplicationFilterChain.java:164)
	at org.apache.catalina.core.ApplicationFilterChain.doFilter(ApplicationFilterChain.java:140)
	at org.apache.catalina.core.StandardWrapperValve.invoke(StandardWrapperValve.java:167)
	at org.apache.catalina.core.StandardContextValve.invoke(StandardContextValve.java:90)
	at org.apache.catalina.authenticator.AuthenticatorBase.invoke(AuthenticatorBase.java:483)
	at org.apache.catalina.core.StandardHostValve.invoke(StandardHostValve.java:116)
	at org.apache.catalina.valves.ErrorReportValve.invoke(ErrorReportValve.java:93)
	at org.apache.catalina.core.StandardEngineValve.invoke(StandardEngineValve.java:74)
	at org.apache.catalina.connector.CoyoteAdapter.service(CoyoteAdapter.java:344)
	at org.apache.coyote.http11.Http11Processor.service(Http11Processor.java:398)
	at org.apache.coyote.AbstractProcessorLight.process(AbstractProcessorLight.java:63)
	at org.apache.coyote.AbstractProtocol$ConnectionHandler.process(AbstractProtocol.java:903)
	at org.apache.tomcat.util.net.NioEndpoint$SocketProcessor.doRun(NioEndpoint.java:1769)
	at org.apache.tomcat.util.net.SocketProcessorBase.run(SocketProcessorBase.java:52)
	at org.apache.tomcat.util.threads.ThreadPoolExecutor.runWorker(ThreadPoolExecutor.java:1189)
	at org.apache.tomcat.util.threads.ThreadPoolExecutor$Worker.run(ThreadPoolExecutor.java:658)
	at org.apache.tomcat.util.threads.TaskThread$WrappingRunnable.run(TaskThread.java:63)
	at java.base/java.lang.Thread.run(Thread.java:840)
Caused by: java.lang.NumberFormatException: For input string: ""
	at java.base/java.lang.NumberFormatException.forInputString(NumberFormatException.java:67)
	at java.base/java.lang.Integer.parseInt(Integer.java:678)
	at java.base/java.lang.Integer.valueOf(Integer.java:999)
	at org.springframework.util.NumberUtils.parseNumber(NumberUtils.java:201)
	at org.springframework.beans.propertyeditors.CustomNumberEditor.setAsText(CustomNumberEditor.java:115)
	at org.springframework.beans.TypeConverterDelegate.doConvertTextValue(TypeConverterDelegate.java:439)
	at org.springframework.beans.TypeConverterDelegate.doConvertValue(TypeConverterDelegate.java:412)
	at org.springframework.beans.TypeConverterDelegate.convertIfNecessary(TypeConverterDelegate.java:161)
	at org.springframework.beans.TypeConverterSupport.convertIfNecessary(TypeConverterSupport.java:80)
	at org.springframework.beans.TypeConverterSupport.convertIfNecessary(TypeConverterSupport.java:53)
	at org.springframework.validation.DataBinder.convertIfNecessary(DataBinder.java:867)
	at org.springframework.web.method.annotation.AbstractNamedValueMethodArgumentResolver.convertIfNecessary(AbstractNamedValueMethodArgumentResolver.java:293)
	... 48 common frames omitted
2025-07-18 14:43:00 - WARN [org.springframework.web.servlet.mvc.method.annotation.ExceptionHandlerExceptionResolver] - Resolved [org.springframework.web.method.annotation.MethodArgumentTypeMismatchException: Method parameter 'a': Failed to convert value of type 'java.lang.String' to required type 'int'; For input string: ""]
2025-07-18 14:43:11 - ERROR [com.data.session09.controller.GlobalExceptionHandler] - Đã xảy ra lỗi: Required request parameter 'a' for method parameter type int is not present
org.springframework.web.bind.MissingServletRequestParameterException: Required request parameter 'a' for method parameter type int is not present
	at org.springframework.web.method.annotation.RequestParamMethodArgumentResolver.handleMissingValueInternal(RequestParamMethodArgumentResolver.java:220)
	at org.springframework.web.method.annotation.RequestParamMethodArgumentResolver.handleMissingValue(RequestParamMethodArgumentResolver.java:196)
	at org.springframework.web.method.annotation.AbstractNamedValueMethodArgumentResolver.resolveArgument(AbstractNamedValueMethodArgumentResolver.java:125)
	at org.springframework.web.method.support.HandlerMethodArgumentResolverComposite.resolveArgument(HandlerMethodArgumentResolverComposite.java:122)
	at org.springframework.web.method.support.InvocableHandlerMethod.getMethodArgumentValues(InvocableHandlerMethod.java:227)
	at org.springframework.web.method.support.InvocableHandlerMethod.invokeForRequest(InvocableHandlerMethod.java:181)
	at org.springframework.web.servlet.mvc.method.annotation.ServletInvocableHandlerMethod.invokeAndHandle(ServletInvocableHandlerMethod.java:118)
	at org.springframework.web.servlet.mvc.method.annotation.RequestMappingHandlerAdapter.invokeHandlerMethod(RequestMappingHandlerAdapter.java:986)
	at org.springframework.web.servlet.mvc.method.annotation.RequestMappingHandlerAdapter.handleInternal(RequestMappingHandlerAdapter.java:891)
	at org.springframework.web.servlet.mvc.method.AbstractHandlerMethodAdapter.handle(AbstractHandlerMethodAdapter.java:87)
	at org.springframework.web.servlet.DispatcherServlet.doDispatch(DispatcherServlet.java:1089)
	at org.springframework.web.servlet.DispatcherServlet.doService(DispatcherServlet.java:979)
	at org.springframework.web.servlet.FrameworkServlet.processRequest(FrameworkServlet.java:1014)
	at org.springframework.web.servlet.FrameworkServlet.doGet(FrameworkServlet.java:903)
	at jakarta.servlet.http.HttpServlet.service(HttpServlet.java:564)
	at org.springframework.web.servlet.FrameworkServlet.service(FrameworkServlet.java:885)
	at jakarta.servlet.http.HttpServlet.service(HttpServlet.java:658)
	at org.apache.catalina.core.ApplicationFilterChain.internalDoFilter(ApplicationFilterChain.java:195)
	at org.apache.catalina.core.ApplicationFilterChain.doFilter(ApplicationFilterChain.java:140)
	at org.apache.tomcat.websocket.server.WsFilter.doFilter(WsFilter.java:51)
	at org.apache.catalina.core.ApplicationFilterChain.internalDoFilter(ApplicationFilterChain.java:164)
	at org.apache.catalina.core.ApplicationFilterChain.doFilter(ApplicationFilterChain.java:140)
	at org.springframework.web.filter.RequestContextFilter.doFilterInternal(RequestContextFilter.java:100)
	at org.springframework.web.filter.OncePerRequestFilter.doFilter(OncePerRequestFilter.java:116)
	at org.apache.catalina.core.ApplicationFilterChain.internalDoFilter(ApplicationFilterChain.java:164)
	at org.apache.catalina.core.ApplicationFilterChain.doFilter(ApplicationFilterChain.java:140)
	at org.springframework.web.filter.FormContentFilter.doFilterInternal(FormContentFilter.java:93)
	at org.springframework.web.filter.OncePerRequestFilter.doFilter(OncePerRequestFilter.java:116)
	at org.apache.catalina.core.ApplicationFilterChain.internalDoFilter(ApplicationFilterChain.java:164)
	at org.apache.catalina.core.ApplicationFilterChain.doFilter(ApplicationFilterChain.java:140)
	at org.springframework.web.filter.CharacterEncodingFilter.doFilterInternal(CharacterEncodingFilter.java:201)
	at org.springframework.web.filter.OncePerRequestFilter.doFilter(OncePerRequestFilter.java:116)
	at org.apache.catalina.core.ApplicationFilterChain.internalDoFilter(ApplicationFilterChain.java:164)
	at org.apache.catalina.core.ApplicationFilterChain.doFilter(ApplicationFilterChain.java:140)
	at org.apache.catalina.core.StandardWrapperValve.invoke(StandardWrapperValve.java:167)
	at org.apache.catalina.core.StandardContextValve.invoke(StandardContextValve.java:90)
	at org.apache.catalina.authenticator.AuthenticatorBase.invoke(AuthenticatorBase.java:483)
	at org.apache.catalina.core.StandardHostValve.invoke(StandardHostValve.java:116)
	at org.apache.catalina.valves.ErrorReportValve.invoke(ErrorReportValve.java:93)
	at org.apache.catalina.core.StandardEngineValve.invoke(StandardEngineValve.java:74)
	at org.apache.catalina.connector.CoyoteAdapter.service(CoyoteAdapter.java:344)
	at org.apache.coyote.http11.Http11Processor.service(Http11Processor.java:398)
	at org.apache.coyote.AbstractProcessorLight.process(AbstractProcessorLight.java:63)
	at org.apache.coyote.AbstractProtocol$ConnectionHandler.process(AbstractProtocol.java:903)
	at org.apache.tomcat.util.net.NioEndpoint$SocketProcessor.doRun(NioEndpoint.java:1769)
	at org.apache.tomcat.util.net.SocketProcessorBase.run(SocketProcessorBase.java:52)
	at org.apache.tomcat.util.threads.ThreadPoolExecutor.runWorker(ThreadPoolExecutor.java:1189)
	at org.apache.tomcat.util.threads.ThreadPoolExecutor$Worker.run(ThreadPoolExecutor.java:658)
	at org.apache.tomcat.util.threads.TaskThread$WrappingRunnable.run(TaskThread.java:63)
	at java.base/java.lang.Thread.run(Thread.java:840)
2025-07-18 14:43:11 - WARN [org.springframework.web.servlet.mvc.method.annotation.ExceptionHandlerExceptionResolver] - Resolved [org.springframework.web.bind.MissingServletRequestParameterException: Required request parameter 'a' for method parameter type int is not present]
2025-07-18 14:44:04 - INFO [com.data.session09.controller.DivideController] - Received request: divide 20 by 5
2025-07-18 14:44:07 - INFO [com.data.session09.controller.DivideController] - Received request: divide 20 by 0
2025-07-18 14:44:07 - ERROR [com.data.session09.controller.GlobalExceptionHandler] - Đã xảy ra lỗi: / by zero
java.lang.ArithmeticException: / by zero
	at com.data.session09.controller.DivideController.divide(DivideController.java:17)
	at java.base/jdk.internal.reflect.NativeMethodAccessorImpl.invoke0(Native Method)
	at java.base/jdk.internal.reflect.NativeMethodAccessorImpl.invoke(NativeMethodAccessorImpl.java:77)
	at java.base/jdk.internal.reflect.DelegatingMethodAccessorImpl.invoke(DelegatingMethodAccessorImpl.java:43)
	at java.base/java.lang.reflect.Method.invoke(Method.java:569)
	at org.springframework.web.method.support.InvocableHandlerMethod.doInvoke(InvocableHandlerMethod.java:258)
	at org.springframework.web.method.support.InvocableHandlerMethod.invokeForRequest(InvocableHandlerMethod.java:191)
	at org.springframework.web.servlet.mvc.method.annotation.ServletInvocableHandlerMethod.invokeAndHandle(ServletInvocableHandlerMethod.java:118)
	at org.springframework.web.servlet.mvc.method.annotation.RequestMappingHandlerAdapter.invokeHandlerMethod(RequestMappingHandlerAdapter.java:986)
	at org.springframework.web.servlet.mvc.method.annotation.RequestMappingHandlerAdapter.handleInternal(RequestMappingHandlerAdapter.java:891)
	at org.springframework.web.servlet.mvc.method.AbstractHandlerMethodAdapter.handle(AbstractHandlerMethodAdapter.java:87)
	at org.springframework.web.servlet.DispatcherServlet.doDispatch(DispatcherServlet.java:1089)
	at org.springframework.web.servlet.DispatcherServlet.doService(DispatcherServlet.java:979)
	at org.springframework.web.servlet.FrameworkServlet.processRequest(FrameworkServlet.java:1014)
	at org.springframework.web.servlet.FrameworkServlet.doGet(FrameworkServlet.java:903)
	at jakarta.servlet.http.HttpServlet.service(HttpServlet.java:564)
	at org.springframework.web.servlet.FrameworkServlet.service(FrameworkServlet.java:885)
	at jakarta.servlet.http.HttpServlet.service(HttpServlet.java:658)
	at org.apache.catalina.core.ApplicationFilterChain.internalDoFilter(ApplicationFilterChain.java:195)
	at org.apache.catalina.core.ApplicationFilterChain.doFilter(ApplicationFilterChain.java:140)
	at org.apache.tomcat.websocket.server.WsFilter.doFilter(WsFilter.java:51)
	at org.apache.catalina.core.ApplicationFilterChain.internalDoFilter(ApplicationFilterChain.java:164)
	at org.apache.catalina.core.ApplicationFilterChain.doFilter(ApplicationFilterChain.java:140)
	at org.springframework.web.filter.RequestContextFilter.doFilterInternal(RequestContextFilter.java:100)
	at org.springframework.web.filter.OncePerRequestFilter.doFilter(OncePerRequestFilter.java:116)
	at org.apache.catalina.core.ApplicationFilterChain.internalDoFilter(ApplicationFilterChain.java:164)
	at org.apache.catalina.core.ApplicationFilterChain.doFilter(ApplicationFilterChain.java:140)
	at org.springframework.web.filter.FormContentFilter.doFilterInternal(FormContentFilter.java:93)
	at org.springframework.web.filter.OncePerRequestFilter.doFilter(OncePerRequestFilter.java:116)
	at org.apache.catalina.core.ApplicationFilterChain.internalDoFilter(ApplicationFilterChain.java:164)
	at org.apache.catalina.core.ApplicationFilterChain.doFilter(ApplicationFilterChain.java:140)
	at org.springframework.web.filter.CharacterEncodingFilter.doFilterInternal(CharacterEncodingFilter.java:201)
	at org.springframework.web.filter.OncePerRequestFilter.doFilter(OncePerRequestFilter.java:116)
	at org.apache.catalina.core.ApplicationFilterChain.internalDoFilter(ApplicationFilterChain.java:164)
	at org.apache.catalina.core.ApplicationFilterChain.doFilter(ApplicationFilterChain.java:140)
	at org.apache.catalina.core.StandardWrapperValve.invoke(StandardWrapperValve.java:167)
	at org.apache.catalina.core.StandardContextValve.invoke(StandardContextValve.java:90)
	at org.apache.catalina.authenticator.AuthenticatorBase.invoke(AuthenticatorBase.java:483)
	at org.apache.catalina.core.StandardHostValve.invoke(StandardHostValve.java:116)
	at org.apache.catalina.valves.ErrorReportValve.invoke(ErrorReportValve.java:93)
	at org.apache.catalina.core.StandardEngineValve.invoke(StandardEngineValve.java:74)
	at org.apache.catalina.connector.CoyoteAdapter.service(CoyoteAdapter.java:344)
	at org.apache.coyote.http11.Http11Processor.service(Http11Processor.java:398)
	at org.apache.coyote.AbstractProcessorLight.process(AbstractProcessorLight.java:63)
	at org.apache.coyote.AbstractProtocol$ConnectionHandler.process(AbstractProtocol.java:903)
	at org.apache.tomcat.util.net.NioEndpoint$SocketProcessor.doRun(NioEndpoint.java:1769)
	at org.apache.tomcat.util.net.SocketProcessorBase.run(SocketProcessorBase.java:52)
	at org.apache.tomcat.util.threads.ThreadPoolExecutor.runWorker(ThreadPoolExecutor.java:1189)
	at org.apache.tomcat.util.threads.ThreadPoolExecutor$Worker.run(ThreadPoolExecutor.java:658)
	at org.apache.tomcat.util.threads.TaskThread$WrappingRunnable.run(TaskThread.java:63)
	at java.base/java.lang.Thread.run(Thread.java:840)
2025-07-18 14:44:07 - WARN [org.springframework.web.servlet.mvc.method.annotation.ExceptionHandlerExceptionResolver] - Resolved [java.lang.ArithmeticException: / by zero]
2025-07-18 14:45:34 - INFO [org.springframework.boot.devtools.autoconfigure.LocalDevToolsAutoConfiguration$RestartingClassPathChangeChangedEventListener] - Restarting due to 1 class path change (0 additions, 0 deletions, 1 modification)
2025-07-18 14:45:34 - INFO [org.springframework.boot.web.embedded.tomcat.GracefulShutdown] - Commencing graceful shutdown. Waiting for active requests to complete
2025-07-18 14:45:34 - INFO [org.springframework.boot.web.embedded.tomcat.GracefulShutdown] - Graceful shutdown complete
2025-07-18 14:45:34 - INFO [com.data.session09.Session09Application] - Starting Session09Application using Java 17.0.15 with PID 11884 (E:\PTIT\HK3\JAVA_WEB_SERVICES\Session09\build\classes\java\main started by ADMIN in E:\PTIT\HK3\JAVA_WEB_SERVICES\Session09)
2025-07-18 14:45:34 - INFO [com.data.session09.Session09Application] - No active profile set, falling back to 1 default profile: "default"
2025-07-18 14:45:34 - INFO [org.springframework.boot.web.embedded.tomcat.TomcatWebServer] - Tomcat initialized with port 8080 (http)
2025-07-18 14:45:34 - INFO [org.apache.catalina.core.StandardService] - Starting service [Tomcat]
2025-07-18 14:45:34 - INFO [org.apache.catalina.core.StandardEngine] - Starting Servlet engine: [Apache Tomcat/10.1.42]
2025-07-18 14:45:34 - INFO [org.apache.catalina.core.ContainerBase.[Tomcat].[localhost].[/]] - Initializing Spring embedded WebApplicationContext
2025-07-18 14:45:34 - INFO [org.springframework.boot.web.servlet.context.ServletWebServerApplicationContext] - Root WebApplicationContext: initialization completed in 247 ms
2025-07-18 14:45:34 - INFO [org.springframework.boot.devtools.autoconfigure.OptionalLiveReloadServer] - LiveReload server is running on port 35729
2025-07-18 14:45:34 - INFO [org.springframework.boot.web.embedded.tomcat.TomcatWebServer] - Tomcat started on port 8080 (http) with context path '/'
2025-07-18 14:45:34 - INFO [com.data.session09.Session09Application] - Started Session09Application in 0.377 seconds (process running for 184.797)
2025-07-18 14:45:34 - INFO [com.data.session09.model.LoggingExample] - This is an INFO level message
2025-07-18 14:45:34 - WARN [com.data.session09.model.LoggingExample] - This is a WARN level message
2025-07-18 14:45:34 - ERROR [com.data.session09.model.LoggingExample] - This is an ERROR level message
2025-07-18 14:45:34 - INFO [org.springframework.boot.devtools.autoconfigure.ConditionEvaluationDeltaLoggingListener] - Condition evaluation unchanged
2025-07-18 14:45:36 - INFO [org.apache.catalina.core.ContainerBase.[Tomcat].[localhost].[/]] - Initializing Spring DispatcherServlet 'dispatcherServlet'
2025-07-18 14:45:36 - INFO [org.springframework.web.servlet.DispatcherServlet] - Initializing Servlet 'dispatcherServlet'
2025-07-18 14:45:36 - INFO [org.springframework.web.servlet.DispatcherServlet] - Completed initialization in 0 ms
2025-07-18 14:45:36 - INFO [com.data.session09.controller.DivideController] - Received request: divide 20 by 0
2025-07-18 14:45:36 - ERROR [com.data.session09.controller.GlobalExceptionHandler] - Đã xảy ra lỗi: / by zero
2025-07-18 14:45:36 - WARN [org.springframework.web.servlet.mvc.method.annotation.ExceptionHandlerExceptionResolver] - Resolved [java.lang.ArithmeticException: / by zero]
2025-07-18 14:48:58 - INFO [org.springframework.boot.devtools.autoconfigure.LocalDevToolsAutoConfiguration$RestartingClassPathChangeChangedEventListener] - Restarting due to 4 class path changes (1 addition, 0 deletions, 3 modifications)
2025-07-18 14:48:58 - INFO [org.springframework.boot.web.embedded.tomcat.GracefulShutdown] - Commencing graceful shutdown. Waiting for active requests to complete
2025-07-18 14:48:58 - INFO [org.springframework.boot.web.embedded.tomcat.GracefulShutdown] - Graceful shutdown complete
